E:\2014 FALL\BIG DATA COMPUTER SYSTEM\FINAL PROJECT\PCACALCULATOR\PCACALCULATOR\DEBUG\MAIN.OBJ
E:\2014 FALL\BIG DATA COMPUTER SYSTEM\FINAL PROJECT\PCACALCULATOR\PCACALCULATOR\DEBUG\VC110.PDB
E:\2014 FALL\BIG DATA COMPUTER SYSTEM\FINAL PROJECT\PCACALCULATOR\DEBUG\PCACALCULATOR.ILK
E:\2014 FALL\BIG DATA COMPUTER SYSTEM\FINAL PROJECT\PCACALCULATOR\DEBUG\PCACALCULATOR.EXE
E:\2014 FALL\BIG DATA COMPUTER SYSTEM\FINAL PROJECT\PCACALCULATOR\DEBUG\PCACALCULATOR.PDB
E:\2014 Fall\Big Data Computer System\Final Project\PCACalculator\PCACalculator\Debug\main.obj
E:\2014 Fall\Big Data Computer System\Final Project\PCACalculator\PCACalculator\Debug\cl.command.1.tlog
E:\2014 Fall\Big Data Computer System\Final Project\PCACalculator\PCACalculator\Debug\CL.read.1.tlog
E:\2014 Fall\Big Data Computer System\Final Project\PCACalculator\PCACalculator\Debug\CL.write.1.tlog
E:\2014 Fall\Big Data Computer System\Final Project\PCACalculator\PCACalculator\Debug\link-cvtres.read.1.tlog
E:\2014 Fall\Big Data Computer System\Final Project\PCACalculator\PCACalculator\Debug\link-cvtres.write.1.tlog
E:\2014 Fall\Big Data Computer System\Final Project\PCACalculator\PCACalculator\Debug\link-rc.read.1.tlog
E:\2014 Fall\Big Data Computer System\Final Project\PCACalculator\PCACalculator\Debug\link-rc.write.1.tlog
E:\2014 Fall\Big Data Computer System\Final Project\PCACalculator\PCACalculator\Debug\link.command.1.tlog
E:\2014 Fall\Big Data Computer System\Final Project\PCACalculator\PCACalculator\Debug\link.read.1.tlog
E:\2014 Fall\Big Data Computer System\Final Project\PCACalculator\PCACalculator\Debug\link.write.1.tlog
E:\2014 Fall\Big Data Computer System\Final Project\PCACalculator\PCACalculator\Debug\vc110.idb
E:\2014 Fall\Big Data Computer System\Final Project\PCACalculator\PCACalculator\Debug\vc110.pdb
E:\2014 Fall\Big Data Computer System\Final Project\PCACalculator\Debug\PCACalculator.pdb
E:\2014 Fall\Big Data Computer System\Final Project\PCACalculator\Debug\PCACalculator.exe
E:\2014 Fall\Big Data Computer System\Final Project\PCACalculator\Debug\PCACalculator.ilk
